{"/home/chrisbikoy/projetholberton/website/index.js": {"path":"/home/chrisbikoy/projetholberton/website/index.js","statementMap":{"0":{"start":{"line":1,"column":0},"end":{"line":1,"column":27}},"1":{"start":{"line":2,"column":15},"end":{"line":2,"column":32}},"2":{"start":{"line":3,"column":16},"end":{"line":3,"column":34}},"3":{"start":{"line":4,"column":19},"end":{"line":4,"column":41}},"4":{"start":{"line":5,"column":14},"end":{"line":5,"column":30}},"5":{"start":{"line":6,"column":11},"end":{"line":6,"column":24}},"6":{"start":{"line":7,"column":12},"end":{"line":7,"column":21}},"7":{"start":{"line":8,"column":13},"end":{"line":8,"column":17}},"8":{"start":{"line":9,"column":17},"end":{"line":9,"column":28}},"9":{"start":{"line":10,"column":15},"end":{"line":10,"column":32}},"10":{"start":{"line":11,"column":12},"end":{"line":11,"column":35}},"11":{"start":{"line":12,"column":17},"end":{"line":12,"column":30}},"12":{"start":{"line":13,"column":12},"end":{"line":13,"column":26}},"13":{"start":{"line":14,"column":13},"end":{"line":14,"column":28}},"14":{"start":{"line":16,"column":20},"end":{"line":16,"column":44}},"15":{"start":{"line":17,"column":15},"end":{"line":17,"column":37}},"16":{"start":{"line":18,"column":13},"end":{"line":18,"column":35}},"17":{"start":{"line":20,"column":15},"end":{"line":29,"column":1}},"18":{"start":{"line":31,"column":13},"end":{"line":31,"column":29}},"19":{"start":{"line":33,"column":0},"end":{"line":39,"column":3}},"20":{"start":{"line":34,"column":2},"end":{"line":38,"column":3}},"21":{"start":{"line":35,"column":4},"end":{"line":35,"column":60}},"22":{"start":{"line":37,"column":4},"end":{"line":37,"column":63}},"23":{"start":{"line":51,"column":21},"end":{"line":51,"column":49}},"24":{"start":{"line":52,"column":16},"end":{"line":52,"column":54}},"25":{"start":{"line":54,"column":2},"end":{"line":56,"column":3}},"26":{"start":{"line":55,"column":4},"end":{"line":55,"column":66}},"27":{"start":{"line":58,"column":2},"end":{"line":68,"column":5}},"28":{"start":{"line":59,"column":4},"end":{"line":62,"column":5}},"29":{"start":{"line":60,"column":6},"end":{"line":60,"column":53}},"30":{"start":{"line":61,"column":6},"end":{"line":61,"column":64}},"31":{"start":{"line":63,"column":4},"end":{"line":63,"column":41}},"32":{"start":{"line":66,"column":4},"end":{"line":66,"column":60}},"33":{"start":{"line":67,"column":4},"end":{"line":67,"column":11}},"34":{"start":{"line":71,"column":0},"end":{"line":71,"column":27}},"35":{"start":{"line":73,"column":0},"end":{"line":73,"column":65}},"36":{"start":{"line":75,"column":0},"end":{"line":75,"column":23}},"37":{"start":{"line":77,"column":0},"end":{"line":80,"column":3}},"38":{"start":{"line":79,"column":2},"end":{"line":79,"column":71}},"39":{"start":{"line":81,"column":0},"end":{"line":84,"column":3}},"40":{"start":{"line":83,"column":2},"end":{"line":83,"column":71}},"41":{"start":{"line":85,"column":0},"end":{"line":88,"column":3}},"42":{"start":{"line":87,"column":2},"end":{"line":87,"column":71}},"43":{"start":{"line":89,"column":0},"end":{"line":92,"column":3}},"44":{"start":{"line":91,"column":2},"end":{"line":91,"column":71}},"45":{"start":{"line":94,"column":0},"end":{"line":182,"column":3}},"46":{"start":{"line":95,"column":22},"end":{"line":95,"column":38}},"47":{"start":{"line":97,"column":2},"end":{"line":100,"column":3}},"48":{"start":{"line":98,"column":4},"end":{"line":98,"column":80}},"49":{"start":{"line":99,"column":4},"end":{"line":99,"column":11}},"50":{"start":{"line":102,"column":13},"end":{"line":119,"column":4}},"51":{"start":{"line":121,"column":15},"end":{"line":129,"column":3}},"52":{"start":{"line":131,"column":2},"end":{"line":181,"column":7}},"53":{"start":{"line":134,"column":22},"end":{"line":134,"column":62}},"54":{"start":{"line":135,"column":21},"end":{"line":139,"column":7}},"55":{"start":{"line":140,"column":25},"end":{"line":140,"column":36}},"56":{"start":{"line":142,"column":8},"end":{"line":144,"column":45}},"57":{"start":{"line":145,"column":29},"end":{"line":145,"column":69}},"58":{"start":{"line":146,"column":26},"end":{"line":151,"column":7}},"59":{"start":{"line":155,"column":6},"end":{"line":159,"column":9}},"60":{"start":{"line":156,"column":8},"end":{"line":156,"column":27}},"61":{"start":{"line":156,"column":17},"end":{"line":156,"column":27}},"62":{"start":{"line":157,"column":8},"end":{"line":157,"column":46}},"63":{"start":{"line":158,"column":8},"end":{"line":158,"column":29}},"64":{"start":{"line":161,"column":6},"end":{"line":171,"column":7}},"65":{"start":{"line":163,"column":8},"end":{"line":163,"column":79}},"66":{"start":{"line":165,"column":8},"end":{"line":169,"column":11}},"67":{"start":{"line":170,"column":8},"end":{"line":170,"column":15}},"68":{"start":{"line":174,"column":6},"end":{"line":174,"column":25}},"69":{"start":{"line":176,"column":6},"end":{"line":180,"column":9}},"70":{"start":{"line":191,"column":0},"end":{"line":205,"column":3}},"71":{"start":{"line":192,"column":20},"end":{"line":192,"column":28}},"72":{"start":{"line":193,"column":2},"end":{"line":204,"column":3}},"73":{"start":{"line":194,"column":4},"end":{"line":201,"column":5}},"74":{"start":{"line":195,"column":6},"end":{"line":195,"column":47}},"75":{"start":{"line":196,"column":6},"end":{"line":196,"column":53}},"76":{"start":{"line":197,"column":6},"end":{"line":197,"column":66}},"77":{"start":{"line":199,"column":6},"end":{"line":199,"column":59}},"78":{"start":{"line":200,"column":6},"end":{"line":200,"column":69}},"79":{"start":{"line":203,"column":4},"end":{"line":203,"column":62}},"80":{"start":{"line":207,"column":0},"end":{"line":308,"column":3}},"81":{"start":{"line":208,"column":26},"end":{"line":208,"column":34}},"82":{"start":{"line":211,"column":2},"end":{"line":307,"column":3}},"83":{"start":{"line":213,"column":6},"end":{"line":213,"column":89}},"84":{"start":{"line":214,"column":23},"end":{"line":214,"column":68}},"85":{"start":{"line":216,"column":26},"end":{"line":216,"column":72}},"86":{"start":{"line":218,"column":4},"end":{"line":228,"column":5}},"87":{"start":{"line":219,"column":6},"end":{"line":225,"column":7}},"88":{"start":{"line":220,"column":8},"end":{"line":220,"column":49}},"89":{"start":{"line":221,"column":8},"end":{"line":221,"column":71}},"90":{"start":{"line":223,"column":8},"end":{"line":223,"column":61}},"91":{"start":{"line":224,"column":8},"end":{"line":224,"column":71}},"92":{"start":{"line":227,"column":6},"end":{"line":227,"column":61}},"93":{"start":{"line":231,"column":7},"end":{"line":307,"column":3}},"94":{"start":{"line":233,"column":26},"end":{"line":239,"column":5}},"95":{"start":{"line":242,"column":23},"end":{"line":242,"column":60}},"96":{"start":{"line":245,"column":25},"end":{"line":247,"column":5}},"97":{"start":{"line":246,"column":6},"end":{"line":246,"column":45}},"98":{"start":{"line":248,"column":27},"end":{"line":250,"column":5}},"99":{"start":{"line":249,"column":16},"end":{"line":249,"column":42}},"100":{"start":{"line":253,"column":4},"end":{"line":264,"column":5}},"101":{"start":{"line":254,"column":6},"end":{"line":254,"column":41}},"102":{"start":{"line":255,"column":6},"end":{"line":255,"column":41}},"103":{"start":{"line":256,"column":11},"end":{"line":264,"column":5}},"104":{"start":{"line":257,"column":6},"end":{"line":261,"column":9}},"105":{"start":{"line":263,"column":6},"end":{"line":263,"column":61}},"106":{"start":{"line":267,"column":7},"end":{"line":307,"column":3}},"107":{"start":{"line":269,"column":26},"end":{"line":269,"column":32}},"108":{"start":{"line":272,"column":4},"end":{"line":277,"column":5}},"109":{"start":{"line":273,"column":6},"end":{"line":273,"column":67}},"110":{"start":{"line":274,"column":6},"end":{"line":274,"column":41}},"111":{"start":{"line":276,"column":6},"end":{"line":276,"column":43}},"112":{"start":{"line":280,"column":7},"end":{"line":307,"column":3}},"113":{"start":{"line":284,"column":7},"end":{"line":307,"column":3}},"114":{"start":{"line":286,"column":6},"end":{"line":286,"column":66}},"115":{"start":{"line":288,"column":6},"end":{"line":288,"column":93}},"116":{"start":{"line":289,"column":31},"end":{"line":289,"column":63}},"117":{"start":{"line":291,"column":4},"end":{"line":300,"column":5}},"118":{"start":{"line":296,"column":6},"end":{"line":296,"column":42}},"119":{"start":{"line":297,"column":6},"end":{"line":297,"column":41}},"120":{"start":{"line":299,"column":6},"end":{"line":299,"column":52}},"121":{"start":{"line":303,"column":7},"end":{"line":307,"column":3}},"122":{"start":{"line":306,"column":4},"end":{"line":306,"column":64}},"123":{"start":{"line":315,"column":12},"end":{"line":315,"column":14}},"124":{"start":{"line":319,"column":2},"end":{"line":325,"column":5}},"125":{"start":{"line":320,"column":4},"end":{"line":324,"column":5}},"126":{"start":{"line":321,"column":6},"end":{"line":321,"column":53}},"127":{"start":{"line":323,"column":6},"end":{"line":323,"column":52}},"128":{"start":{"line":411,"column":0},"end":{"line":449,"column":3}},"129":{"start":{"line":412,"column":30},"end":{"line":412,"column":38}},"130":{"start":{"line":414,"column":2},"end":{"line":448,"column":3}},"131":{"start":{"line":416,"column":19},"end":{"line":418,"column":6}},"132":{"start":{"line":419,"column":17},"end":{"line":419,"column":31}},"133":{"start":{"line":422,"column":4},"end":{"line":426,"column":5}},"134":{"start":{"line":423,"column":6},"end":{"line":425,"column":72}},"135":{"start":{"line":429,"column":18},"end":{"line":433,"column":5}},"136":{"start":{"line":436,"column":4},"end":{"line":441,"column":5}},"137":{"start":{"line":437,"column":6},"end":{"line":439,"column":9}},"138":{"start":{"line":440,"column":6},"end":{"line":440,"column":47}},"139":{"start":{"line":444,"column":4},"end":{"line":444,"column":39}},"140":{"start":{"line":446,"column":4},"end":{"line":446,"column":46}},"141":{"start":{"line":447,"column":4},"end":{"line":447,"column":79}},"142":{"start":{"line":451,"column":16},"end":{"line":451,"column":46}},"143":{"start":{"line":453,"column":0},"end":{"line":494,"column":3}},"144":{"start":{"line":454,"column":30},"end":{"line":454,"column":38}},"145":{"start":{"line":456,"column":2},"end":{"line":493,"column":3}},"146":{"start":{"line":458,"column":25},"end":{"line":461,"column":5}},"147":{"start":{"line":462,"column":4},"end":{"line":466,"column":5}},"148":{"start":{"line":463,"column":6},"end":{"line":465,"column":66}},"149":{"start":{"line":469,"column":27},"end":{"line":469,"column":56}},"150":{"start":{"line":472,"column":19},"end":{"line":472,"column":58}},"151":{"start":{"line":475,"column":4},"end":{"line":478,"column":6}},"152":{"start":{"line":482,"column":29},"end":{"line":482,"column":68}},"153":{"start":{"line":483,"column":4},"end":{"line":483,"column":57}},"154":{"start":{"line":485,"column":4},"end":{"line":489,"column":7}},"155":{"start":{"line":491,"column":4},"end":{"line":491,"column":52}},"156":{"start":{"line":492,"column":4},"end":{"line":492,"column":79}},"157":{"start":{"line":537,"column":0},"end":{"line":551,"column":3}},"158":{"start":{"line":538,"column":2},"end":{"line":550,"column":3}},"159":{"start":{"line":540,"column":4},"end":{"line":543,"column":9}},"160":{"start":{"line":541,"column":6},"end":{"line":543,"column":9}},"161":{"start":{"line":545,"column":4},"end":{"line":545,"column":65}},"162":{"start":{"line":545,"column":18},"end":{"line":545,"column":65}},"163":{"start":{"line":546,"column":4},"end":{"line":546,"column":59}},"164":{"start":{"line":548,"column":4},"end":{"line":548,"column":47}},"165":{"start":{"line":549,"column":4},"end":{"line":549,"column":79}},"166":{"start":{"line":559,"column":0},"end":{"line":577,"column":3}},"167":{"start":{"line":560,"column":2},"end":{"line":560,"column":41}},"168":{"start":{"line":562,"column":2},"end":{"line":576,"column":3}},"169":{"start":{"line":564,"column":19},"end":{"line":566,"column":6}},"170":{"start":{"line":567,"column":4},"end":{"line":571,"column":5}},"171":{"start":{"line":568,"column":6},"end":{"line":568,"column":31}},"172":{"start":{"line":570,"column":6},"end":{"line":570,"column":56}},"173":{"start":{"line":573,"column":4},"end":{"line":573,"column":57}},"174":{"start":{"line":575,"column":4},"end":{"line":575,"column":68}},"175":{"start":{"line":581,"column":0},"end":{"line":595,"column":3}},"176":{"start":{"line":582,"column":21},"end":{"line":582,"column":31}},"177":{"start":{"line":584,"column":2},"end":{"line":594,"column":3}},"178":{"start":{"line":586,"column":4},"end":{"line":588,"column":7}},"179":{"start":{"line":590,"column":4},"end":{"line":590,"column":64}},"180":{"start":{"line":592,"column":4},"end":{"line":592,"column":51}},"181":{"start":{"line":593,"column":4},"end":{"line":593,"column":50}},"182":{"start":{"line":598,"column":0},"end":{"line":618,"column":3}},"183":{"start":{"line":599,"column":20},"end":{"line":599,"column":30}},"184":{"start":{"line":601,"column":2},"end":{"line":617,"column":3}},"185":{"start":{"line":603,"column":19},"end":{"line":606,"column":5}},"186":{"start":{"line":607,"column":17},"end":{"line":607,"column":31}},"187":{"start":{"line":609,"column":4},"end":{"line":611,"column":5}},"188":{"start":{"line":610,"column":6},"end":{"line":610,"column":53}},"189":{"start":{"line":613,"column":4},"end":{"line":613,"column":51}},"190":{"start":{"line":615,"column":4},"end":{"line":615,"column":64}},"191":{"start":{"line":616,"column":4},"end":{"line":616,"column":50}},"192":{"start":{"line":621,"column":19},"end":{"line":621,"column":30}},"193":{"start":{"line":623,"column":2},"end":{"line":642,"column":5}},"194":{"start":{"line":624,"column":4},"end":{"line":627,"column":5}},"195":{"start":{"line":625,"column":6},"end":{"line":625,"column":52}},"196":{"start":{"line":626,"column":6},"end":{"line":626,"column":13}},"197":{"start":{"line":629,"column":4},"end":{"line":641,"column":5}},"198":{"start":{"line":630,"column":23},"end":{"line":630,"column":59}},"199":{"start":{"line":631,"column":24},"end":{"line":631,"column":53}},"200":{"start":{"line":635,"column":21},"end":{"line":635,"column":77}},"201":{"start":{"line":636,"column":6},"end":{"line":638,"column":7}},"202":{"start":{"line":637,"column":8},"end":{"line":637,"column":64}},"203":{"start":{"line":640,"column":6},"end":{"line":640,"column":65}},"204":{"start":{"line":663,"column":2},"end":{"line":663,"column":59}},"205":{"start":{"line":665,"column":21},"end":{"line":665,"column":39}},"206":{"start":{"line":666,"column":23},"end":{"line":666,"column":48}},"207":{"start":{"line":668,"column":21},"end":{"line":668,"column":46}},"208":{"start":{"line":669,"column":23},"end":{"line":669,"column":50}},"209":{"start":{"line":671,"column":2},"end":{"line":683,"column":3}},"210":{"start":{"line":672,"column":18},"end":{"line":672,"column":45}},"211":{"start":{"line":673,"column":20},"end":{"line":673,"column":42}},"212":{"start":{"line":674,"column":24},"end":{"line":674,"column":42}},"213":{"start":{"line":675,"column":4},"end":{"line":677,"column":5}},"214":{"start":{"line":676,"column":6},"end":{"line":676,"column":36}},"215":{"start":{"line":679,"column":4},"end":{"line":679,"column":36}},"216":{"start":{"line":681,"column":4},"end":{"line":681,"column":50}},"217":{"start":{"line":682,"column":4},"end":{"line":682,"column":16}},"218":{"start":{"line":688,"column":2},"end":{"line":690,"column":4}},"219":{"start":{"line":691,"column":2},"end":{"line":705,"column":3}},"220":{"start":{"line":692,"column":16},"end":{"line":695,"column":5}},"221":{"start":{"line":696,"column":4},"end":{"line":700,"column":5}},"222":{"start":{"line":697,"column":6},"end":{"line":697,"column":73}},"223":{"start":{"line":699,"column":6},"end":{"line":699,"column":56}},"224":{"start":{"line":702,"column":4},"end":{"line":702,"column":55}},"225":{"start":{"line":704,"column":4},"end":{"line":704,"column":16}},"226":{"start":{"line":735,"column":17},"end":{"line":735,"column":38}},"227":{"start":{"line":736,"column":18},"end":{"line":736,"column":65}},"228":{"start":{"line":737,"column":15},"end":{"line":737,"column":56}},"229":{"start":{"line":738,"column":19},"end":{"line":738,"column":58}},"230":{"start":{"line":739,"column":19},"end":{"line":741,"column":3}},"231":{"start":{"line":743,"column":14},"end":{"line":745,"column":47}},"232":{"start":{"line":747,"column":2},"end":{"line":752,"column":3}},"233":{"start":{"line":748,"column":21},"end":{"line":748,"column":41}},"234":{"start":{"line":749,"column":4},"end":{"line":749,"column":46}},"235":{"start":{"line":751,"column":4},"end":{"line":751,"column":50}},"236":{"start":{"line":758,"column":2},"end":{"line":758,"column":61}},"237":{"start":{"line":783,"column":0},"end":{"line":819,"column":3}},"238":{"start":{"line":784,"column":20},"end":{"line":784,"column":28}},"239":{"start":{"line":786,"column":2},"end":{"line":818,"column":3}},"240":{"start":{"line":788,"column":19},"end":{"line":790,"column":6}},"241":{"start":{"line":791,"column":17},"end":{"line":791,"column":31}},"242":{"start":{"line":793,"column":4},"end":{"line":797,"column":5}},"243":{"start":{"line":794,"column":6},"end":{"line":796,"column":61}},"244":{"start":{"line":800,"column":21},"end":{"line":800,"column":40}},"245":{"start":{"line":801,"column":4},"end":{"line":804,"column":6}},"246":{"start":{"line":807,"column":4},"end":{"line":807,"column":50}},"247":{"start":{"line":809,"column":4},"end":{"line":812,"column":7}},"248":{"start":{"line":814,"column":4},"end":{"line":814,"column":61}},"249":{"start":{"line":815,"column":4},"end":{"line":817,"column":78}},"250":{"start":{"line":822,"column":17},"end":{"line":822,"column":38}},"251":{"start":{"line":823,"column":18},"end":{"line":823,"column":63}},"252":{"start":{"line":824,"column":15},"end":{"line":824,"column":56}},"253":{"start":{"line":825,"column":19},"end":{"line":825,"column":58}},"254":{"start":{"line":826,"column":19},"end":{"line":828,"column":3}},"255":{"start":{"line":830,"column":14},"end":{"line":832,"column":47}},"256":{"start":{"line":834,"column":2},"end":{"line":839,"column":3}},"257":{"start":{"line":835,"column":21},"end":{"line":835,"column":41}},"258":{"start":{"line":836,"column":4},"end":{"line":836,"column":56}},"259":{"start":{"line":838,"column":4},"end":{"line":838,"column":60}},"260":{"start":{"line":932,"column":0},"end":{"line":962,"column":3}},"261":{"start":{"line":933,"column":25},"end":{"line":933,"column":33}},"262":{"start":{"line":935,"column":2},"end":{"line":961,"column":3}},"263":{"start":{"line":937,"column":19},"end":{"line":939,"column":6}},"264":{"start":{"line":940,"column":17},"end":{"line":940,"column":31}},"265":{"start":{"line":942,"column":4},"end":{"line":946,"column":5}},"266":{"start":{"line":943,"column":6},"end":{"line":945,"column":61}},"267":{"start":{"line":949,"column":6},"end":{"line":949,"column":67}},"268":{"start":{"line":951,"column":4},"end":{"line":955,"column":5}},"269":{"start":{"line":952,"column":6},"end":{"line":952,"column":59}},"270":{"start":{"line":954,"column":6},"end":{"line":954,"column":70}},"271":{"start":{"line":957,"column":4},"end":{"line":957,"column":55}},"272":{"start":{"line":958,"column":4},"end":{"line":960,"column":72}},"273":{"start":{"line":965,"column":0},"end":{"line":1001,"column":3}},"274":{"start":{"line":966,"column":20},"end":{"line":966,"column":28}},"275":{"start":{"line":968,"column":2},"end":{"line":1000,"column":3}},"276":{"start":{"line":970,"column":19},"end":{"line":972,"column":6}},"277":{"start":{"line":973,"column":17},"end":{"line":973,"column":31}},"278":{"start":{"line":975,"column":4},"end":{"line":979,"column":5}},"279":{"start":{"line":976,"column":6},"end":{"line":978,"column":61}},"280":{"start":{"line":981,"column":4},"end":{"line":981,"column":33}},"281":{"start":{"line":982,"column":21},"end":{"line":982,"column":40}},"282":{"start":{"line":983,"column":4},"end":{"line":986,"column":6}},"283":{"start":{"line":989,"column":4},"end":{"line":989,"column":45}},"284":{"start":{"line":991,"column":4},"end":{"line":994,"column":7}},"285":{"start":{"line":996,"column":4},"end":{"line":996,"column":62}},"286":{"start":{"line":997,"column":4},"end":{"line":999,"column":78}},"287":{"start":{"line":1004,"column":0},"end":{"line":1046,"column":3}},"288":{"start":{"line":1005,"column":38},"end":{"line":1005,"column":46}},"289":{"start":{"line":1007,"column":2},"end":{"line":1045,"column":3}},"290":{"start":{"line":1009,"column":19},"end":{"line":1011,"column":6}},"291":{"start":{"line":1012,"column":17},"end":{"line":1012,"column":31}},"292":{"start":{"line":1014,"column":4},"end":{"line":1018,"column":5}},"293":{"start":{"line":1015,"column":6},"end":{"line":1017,"column":61}},"294":{"start":{"line":1020,"column":4},"end":{"line":1039,"column":5}},"295":{"start":{"line":1021,"column":29},"end":{"line":1021,"column":61}},"296":{"start":{"line":1022,"column":6},"end":{"line":1025,"column":9}},"297":{"start":{"line":1026,"column":6},"end":{"line":1029,"column":8}},"298":{"start":{"line":1031,"column":6},"end":{"line":1034,"column":9}},"299":{"start":{"line":1036,"column":6},"end":{"line":1038,"column":75}},"300":{"start":{"line":1041,"column":4},"end":{"line":1041,"column":54}},"301":{"start":{"line":1042,"column":4},"end":{"line":1044,"column":70}},"302":{"start":{"line":1049,"column":0},"end":{"line":1071,"column":3}},"303":{"start":{"line":1050,"column":26},"end":{"line":1050,"column":34}},"304":{"start":{"line":1052,"column":2},"end":{"line":1070,"column":3}},"305":{"start":{"line":1054,"column":4},"end":{"line":1058,"column":5}},"306":{"start":{"line":1055,"column":6},"end":{"line":1057,"column":61}},"307":{"start":{"line":1061,"column":4},"end":{"line":1064,"column":7}},"308":{"start":{"line":1066,"column":4},"end":{"line":1066,"column":67}},"309":{"start":{"line":1068,"column":4},"end":{"line":1068,"column":60}},"310":{"start":{"line":1069,"column":4},"end":{"line":1069,"column":73}},"311":{"start":{"line":1074,"column":15},"end":{"line":1076,"column":2}},"312":{"start":{"line":1075,"column":2},"end":{"line":1075,"column":62}},"313":{"start":{"line":1099,"column":0},"end":{"line":1112,"column":3}},"314":{"start":{"line":1100,"column":2},"end":{"line":1111,"column":5}},"315":{"start":{"line":1101,"column":4},"end":{"line":1110,"column":5}},"316":{"start":{"line":1103,"column":6},"end":{"line":1103,"column":60}},"317":{"start":{"line":1104,"column":6},"end":{"line":1104,"column":42}},"318":{"start":{"line":1106,"column":6},"end":{"line":1106,"column":62}},"319":{"start":{"line":1109,"column":6},"end":{"line":1109,"column":22}},"320":{"start":{"line":1114,"column":0},"end":{"line":1114,"column":21}}},"fnMap":{"0":{"name":"(anonymous_0)","decl":{"start":{"line":33,"column":27},"end":{"line":33,"column":28}},"loc":{"start":{"line":33,"column":41},"end":{"line":39,"column":1}},"line":33},"1":{"name":"authenticateToken","decl":{"start":{"line":50,"column":9},"end":{"line":50,"column":26}},"loc":{"start":{"line":50,"column":43},"end":{"line":69,"column":1}},"line":50},"2":{"name":"(anonymous_2)","decl":{"start":{"line":58,"column":44},"end":{"line":58,"column":45}},"loc":{"start":{"line":58,"column":62},"end":{"line":68,"column":3}},"line":58},"3":{"name":"(anonymous_3)","decl":{"start":{"line":77,"column":13},"end":{"line":77,"column":14}},"loc":{"start":{"line":77,"column":27},"end":{"line":80,"column":1}},"line":77},"4":{"name":"(anonymous_4)","decl":{"start":{"line":81,"column":18},"end":{"line":81,"column":19}},"loc":{"start":{"line":81,"column":32},"end":{"line":84,"column":1}},"line":81},"5":{"name":"(anonymous_5)","decl":{"start":{"line":85,"column":17},"end":{"line":85,"column":18}},"loc":{"start":{"line":85,"column":31},"end":{"line":88,"column":1}},"line":85},"6":{"name":"(anonymous_6)","decl":{"start":{"line":89,"column":17},"end":{"line":89,"column":18}},"loc":{"start":{"line":89,"column":31},"end":{"line":92,"column":1}},"line":89},"7":{"name":"(anonymous_7)","decl":{"start":{"line":94,"column":46},"end":{"line":94,"column":47}},"loc":{"start":{"line":94,"column":66},"end":{"line":182,"column":1}},"line":94},"8":{"name":"(anonymous_8)","decl":{"start":{"line":133,"column":10},"end":{"line":133,"column":11}},"loc":{"start":{"line":133,"column":24},"end":{"line":172,"column":5}},"line":133},"9":{"name":"(anonymous_9)","decl":{"start":{"line":155,"column":70},"end":{"line":155,"column":71}},"loc":{"start":{"line":155,"column":79},"end":{"line":159,"column":7}},"line":155},"10":{"name":"(anonymous_10)","decl":{"start":{"line":173,"column":11},"end":{"line":173,"column":12}},"loc":{"start":{"line":173,"column":22},"end":{"line":181,"column":5}},"line":173},"11":{"name":"(anonymous_11)","decl":{"start":{"line":191,"column":43},"end":{"line":191,"column":44}},"loc":{"start":{"line":191,"column":63},"end":{"line":205,"column":1}},"line":191},"12":{"name":"(anonymous_12)","decl":{"start":{"line":207,"column":43},"end":{"line":207,"column":44}},"loc":{"start":{"line":207,"column":63},"end":{"line":308,"column":1}},"line":207},"13":{"name":"(anonymous_13)","decl":{"start":{"line":245,"column":46},"end":{"line":245,"column":47}},"loc":{"start":{"line":246,"column":6},"end":{"line":246,"column":45}},"line":246},"14":{"name":"(anonymous_14)","decl":{"start":{"line":249,"column":6},"end":{"line":249,"column":7}},"loc":{"start":{"line":249,"column":16},"end":{"line":249,"column":42}},"line":249},"15":{"name":"saveUsersToFile","decl":{"start":{"line":318,"column":9},"end":{"line":318,"column":24}},"loc":{"start":{"line":318,"column":27},"end":{"line":326,"column":1}},"line":318},"16":{"name":"(anonymous_16)","decl":{"start":{"line":319,"column":61},"end":{"line":319,"column":62}},"loc":{"start":{"line":319,"column":70},"end":{"line":325,"column":3}},"line":319},"17":{"name":"(anonymous_17)","decl":{"start":{"line":411,"column":29},"end":{"line":411,"column":30}},"loc":{"start":{"line":411,"column":49},"end":{"line":449,"column":1}},"line":411},"18":{"name":"(anonymous_18)","decl":{"start":{"line":453,"column":32},"end":{"line":453,"column":33}},"loc":{"start":{"line":453,"column":52},"end":{"line":494,"column":1}},"line":453},"19":{"name":"(anonymous_19)","decl":{"start":{"line":537,"column":24},"end":{"line":537,"column":25}},"loc":{"start":{"line":537,"column":44},"end":{"line":551,"column":1}},"line":537},"20":{"name":"(anonymous_20)","decl":{"start":{"line":559,"column":48},"end":{"line":559,"column":49}},"loc":{"start":{"line":559,"column":68},"end":{"line":577,"column":1}},"line":559},"21":{"name":"(anonymous_21)","decl":{"start":{"line":581,"column":37},"end":{"line":581,"column":38}},"loc":{"start":{"line":581,"column":57},"end":{"line":595,"column":1}},"line":581},"22":{"name":"(anonymous_22)","decl":{"start":{"line":598,"column":43},"end":{"line":598,"column":44}},"loc":{"start":{"line":598,"column":63},"end":{"line":618,"column":1}},"line":598},"23":{"name":"processLatestEntry","decl":{"start":{"line":620,"column":9},"end":{"line":620,"column":27}},"loc":{"start":{"line":620,"column":30},"end":{"line":643,"column":1}},"line":620},"24":{"name":"(anonymous_24)","decl":{"start":{"line":623,"column":32},"end":{"line":623,"column":33}},"loc":{"start":{"line":623,"column":47},"end":{"line":642,"column":3}},"line":623},"25":{"name":"processEntryById","decl":{"start":{"line":662,"column":9},"end":{"line":662,"column":25}},"loc":{"start":{"line":662,"column":50},"end":{"line":684,"column":1}},"line":662},"26":{"name":"updateUserLevel","decl":{"start":{"line":687,"column":15},"end":{"line":687,"column":30}},"loc":{"start":{"line":687,"column":45},"end":{"line":706,"column":1}},"line":687},"27":{"name":"sendVerificationEmail","decl":{"start":{"line":734,"column":15},"end":{"line":734,"column":36}},"loc":{"start":{"line":734,"column":62},"end":{"line":753,"column":1}},"line":734},"28":{"name":"generateRandomKey","decl":{"start":{"line":757,"column":9},"end":{"line":757,"column":26}},"loc":{"start":{"line":757,"column":29},"end":{"line":759,"column":1}},"line":757},"29":{"name":"(anonymous_29)","decl":{"start":{"line":783,"column":37},"end":{"line":783,"column":38}},"loc":{"start":{"line":783,"column":57},"end":{"line":819,"column":1}},"line":783},"30":{"name":"sendResetKeyEmail","decl":{"start":{"line":821,"column":15},"end":{"line":821,"column":32}},"loc":{"start":{"line":821,"column":45},"end":{"line":840,"column":1}},"line":821},"31":{"name":"(anonymous_31)","decl":{"start":{"line":932,"column":34},"end":{"line":932,"column":35}},"loc":{"start":{"line":932,"column":54},"end":{"line":962,"column":1}},"line":932},"32":{"name":"(anonymous_32)","decl":{"start":{"line":965,"column":31},"end":{"line":965,"column":32}},"loc":{"start":{"line":965,"column":51},"end":{"line":1001,"column":1}},"line":965},"33":{"name":"(anonymous_33)","decl":{"start":{"line":1004,"column":32},"end":{"line":1004,"column":33}},"loc":{"start":{"line":1004,"column":52},"end":{"line":1046,"column":1}},"line":1004},"34":{"name":"(anonymous_34)","decl":{"start":{"line":1049,"column":59},"end":{"line":1049,"column":60}},"loc":{"start":{"line":1049,"column":79},"end":{"line":1071,"column":1}},"line":1049},"35":{"name":"(anonymous_35)","decl":{"start":{"line":1074,"column":32},"end":{"line":1074,"column":33}},"loc":{"start":{"line":1074,"column":38},"end":{"line":1076,"column":1}},"line":1074},"36":{"name":"(anonymous_36)","decl":{"start":{"line":1099,"column":21},"end":{"line":1099,"column":22}},"loc":{"start":{"line":1099,"column":27},"end":{"line":1112,"column":1}},"line":1099},"37":{"name":"(anonymous_37)","decl":{"start":{"line":1100,"column":15},"end":{"line":1100,"column":16}},"loc":{"start":{"line":1100,"column":27},"end":{"line":1111,"column":3}},"line":1100}},"branchMap":{"0":{"loc":{"start":{"line":34,"column":2},"end":{"line":38,"column":3}},"type":"if","locations":[{"start":{"line":34,"column":2},"end":{"line":38,"column":3}},{"start":{"line":36,"column":9},"end":{"line":38,"column":3}}],"line":34},"1":{"loc":{"start":{"line":52,"column":16},"end":{"line":52,"column":54}},"type":"binary-expr","locations":[{"start":{"line":52,"column":16},"end":{"line":52,"column":26}},{"start":{"line":52,"column":30},"end":{"line":52,"column":54}}],"line":52},"2":{"loc":{"start":{"line":54,"column":2},"end":{"line":56,"column":3}},"type":"if","locations":[{"start":{"line":54,"column":2},"end":{"line":56,"column":3}},{"start":{},"end":{}}],"line":54},"3":{"loc":{"start":{"line":59,"column":4},"end":{"line":62,"column":5}},"type":"if","locations":[{"start":{"line":59,"column":4},"end":{"line":62,"column":5}},{"start":{},"end":{}}],"line":59},"4":{"loc":{"start":{"line":97,"column":2},"end":{"line":100,"column":3}},"type":"if","locations":[{"start":{"line":97,"column":2},"end":{"line":100,"column":3}},{"start":{},"end":{}}],"line":97},"5":{"loc":{"start":{"line":156,"column":8},"end":{"line":156,"column":27}},"type":"if","locations":[{"start":{"line":156,"column":8},"end":{"line":156,"column":27}},{"start":{},"end":{}}],"line":156},"6":{"loc":{"start":{"line":161,"column":6},"end":{"line":171,"column":7}},"type":"if","locations":[{"start":{"line":161,"column":6},"end":{"line":171,"column":7}},{"start":{"line":164,"column":13},"end":{"line":171,"column":7}}],"line":161},"7":{"loc":{"start":{"line":193,"column":2},"end":{"line":204,"column":3}},"type":"if","locations":[{"start":{"line":193,"column":2},"end":{"line":204,"column":3}},{"start":{"line":202,"column":9},"end":{"line":204,"column":3}}],"line":193},"8":{"loc":{"start":{"line":211,"column":2},"end":{"line":307,"column":3}},"type":"if","locations":[{"start":{"line":211,"column":2},"end":{"line":307,"column":3}},{"start":{"line":231,"column":7},"end":{"line":307,"column":3}}],"line":211},"9":{"loc":{"start":{"line":218,"column":4},"end":{"line":228,"column":5}},"type":"if","locations":[{"start":{"line":218,"column":4},"end":{"line":228,"column":5}},{"start":{"line":226,"column":11},"end":{"line":228,"column":5}}],"line":218},"10":{"loc":{"start":{"line":218,"column":8},"end":{"line":218,"column":69}},"type":"binary-expr","locations":[{"start":{"line":218,"column":8},"end":{"line":218,"column":36}},{"start":{"line":218,"column":40},"end":{"line":218,"column":69}}],"line":218},"11":{"loc":{"start":{"line":231,"column":7},"end":{"line":307,"column":3}},"type":"if","locations":[{"start":{"line":231,"column":7},"end":{"line":307,"column":3}},{"start":{"line":267,"column":7},"end":{"line":307,"column":3}}],"line":231},"12":{"loc":{"start":{"line":253,"column":4},"end":{"line":264,"column":5}},"type":"if","locations":[{"start":{"line":253,"column":4},"end":{"line":264,"column":5}},{"start":{"line":256,"column":11},"end":{"line":264,"column":5}}],"line":253},"13":{"loc":{"start":{"line":256,"column":11},"end":{"line":264,"column":5}},"type":"if","locations":[{"start":{"line":256,"column":11},"end":{"line":264,"column":5}},{"start":{"line":262,"column":11},"end":{"line":264,"column":5}}],"line":256},"14":{"loc":{"start":{"line":267,"column":7},"end":{"line":307,"column":3}},"type":"if","locations":[{"start":{"line":267,"column":7},"end":{"line":307,"column":3}},{"start":{"line":280,"column":7},"end":{"line":307,"column":3}}],"line":267},"15":{"loc":{"start":{"line":272,"column":4},"end":{"line":277,"column":5}},"type":"if","locations":[{"start":{"line":272,"column":4},"end":{"line":277,"column":5}},{"start":{"line":275,"column":11},"end":{"line":277,"column":5}}],"line":272},"16":{"loc":{"start":{"line":280,"column":7},"end":{"line":307,"column":3}},"type":"if","locations":[{"start":{"line":280,"column":7},"end":{"line":307,"column":3}},{"start":{"line":284,"column":7},"end":{"line":307,"column":3}}],"line":280},"17":{"loc":{"start":{"line":284,"column":7},"end":{"line":307,"column":3}},"type":"if","locations":[{"start":{"line":284,"column":7},"end":{"line":307,"column":3}},{"start":{"line":303,"column":7},"end":{"line":307,"column":3}}],"line":284},"18":{"loc":{"start":{"line":291,"column":4},"end":{"line":300,"column":5}},"type":"if","locations":[{"start":{"line":291,"column":4},"end":{"line":300,"column":5}},{"start":{"line":298,"column":11},"end":{"line":300,"column":5}}],"line":291},"19":{"loc":{"start":{"line":292,"column":6},"end":{"line":294,"column":48}},"type":"binary-expr","locations":[{"start":{"line":292,"column":6},"end":{"line":292,"column":44}},{"start":{"line":293,"column":6},"end":{"line":293,"column":47}},{"start":{"line":294,"column":6},"end":{"line":294,"column":48}}],"line":292},"20":{"loc":{"start":{"line":303,"column":7},"end":{"line":307,"column":3}},"type":"if","locations":[{"start":{"line":303,"column":7},"end":{"line":307,"column":3}},{"start":{"line":305,"column":9},"end":{"line":307,"column":3}}],"line":303},"21":{"loc":{"start":{"line":320,"column":4},"end":{"line":324,"column":5}},"type":"if","locations":[{"start":{"line":320,"column":4},"end":{"line":324,"column":5}},{"start":{"line":322,"column":11},"end":{"line":324,"column":5}}],"line":320},"22":{"loc":{"start":{"line":422,"column":4},"end":{"line":426,"column":5}},"type":"if","locations":[{"start":{"line":422,"column":4},"end":{"line":426,"column":5}},{"start":{},"end":{}}],"line":422},"23":{"loc":{"start":{"line":422,"column":8},"end":{"line":422,"column":61}},"type":"binary-expr","locations":[{"start":{"line":422,"column":8},"end":{"line":422,"column":13}},{"start":{"line":422,"column":17},"end":{"line":422,"column":61}}],"line":422},"24":{"loc":{"start":{"line":436,"column":4},"end":{"line":441,"column":5}},"type":"if","locations":[{"start":{"line":436,"column":4},"end":{"line":441,"column":5}},{"start":{},"end":{}}],"line":436},"25":{"loc":{"start":{"line":451,"column":16},"end":{"line":451,"column":46}},"type":"binary-expr","locations":[{"start":{"line":451,"column":16},"end":{"line":451,"column":40}},{"start":{"line":451,"column":44},"end":{"line":451,"column":46}}],"line":451},"26":{"loc":{"start":{"line":462,"column":4},"end":{"line":466,"column":5}},"type":"if","locations":[{"start":{"line":462,"column":4},"end":{"line":466,"column":5}},{"start":{},"end":{}}],"line":462},"27":{"loc":{"start":{"line":540,"column":4},"end":{"line":543,"column":9}},"type":"if","locations":[{"start":{"line":540,"column":4},"end":{"line":543,"column":9}},{"start":{},"end":{}}],"line":540},"28":{"loc":{"start":{"line":545,"column":4},"end":{"line":545,"column":65}},"type":"if","locations":[{"start":{"line":545,"column":4},"end":{"line":545,"column":65}},{"start":{},"end":{}}],"line":545},"29":{"loc":{"start":{"line":567,"column":4},"end":{"line":571,"column":5}},"type":"if","locations":[{"start":{"line":567,"column":4},"end":{"line":571,"column":5}},{"start":{"line":569,"column":11},"end":{"line":571,"column":5}}],"line":567},"30":{"loc":{"start":{"line":609,"column":4},"end":{"line":611,"column":5}},"type":"if","locations":[{"start":{"line":609,"column":4},"end":{"line":611,"column":5}},{"start":{},"end":{}}],"line":609},"31":{"loc":{"start":{"line":613,"column":25},"end":{"line":613,"column":47}},"type":"binary-expr","locations":[{"start":{"line":613,"column":25},"end":{"line":613,"column":38}},{"start":{"line":613,"column":42},"end":{"line":613,"column":47}}],"line":613},"32":{"loc":{"start":{"line":624,"column":4},"end":{"line":627,"column":5}},"type":"if","locations":[{"start":{"line":624,"column":4},"end":{"line":627,"column":5}},{"start":{},"end":{}}],"line":624},"33":{"loc":{"start":{"line":636,"column":6},"end":{"line":638,"column":7}},"type":"if","locations":[{"start":{"line":636,"column":6},"end":{"line":638,"column":7}},{"start":{},"end":{}}],"line":636},"34":{"loc":{"start":{"line":671,"column":2},"end":{"line":683,"column":3}},"type":"if","locations":[{"start":{"line":671,"column":2},"end":{"line":683,"column":3}},{"start":{"line":680,"column":9},"end":{"line":683,"column":3}}],"line":671},"35":{"loc":{"start":{"line":671,"column":6},"end":{"line":671,"column":32}},"type":"binary-expr","locations":[{"start":{"line":671,"column":6},"end":{"line":671,"column":16}},{"start":{"line":671,"column":20},"end":{"line":671,"column":32}}],"line":671},"36":{"loc":{"start":{"line":674,"column":24},"end":{"line":674,"column":42}},"type":"cond-expr","locations":[{"start":{"line":674,"column":37},"end":{"line":674,"column":38}},{"start":{"line":674,"column":41},"end":{"line":674,"column":42}}],"line":674},"37":{"loc":{"start":{"line":675,"column":4},"end":{"line":677,"column":5}},"type":"if","locations":[{"start":{"line":675,"column":4},"end":{"line":677,"column":5}},{"start":{},"end":{}}],"line":675},"38":{"loc":{"start":{"line":696,"column":4},"end":{"line":700,"column":5}},"type":"if","locations":[{"start":{"line":696,"column":4},"end":{"line":700,"column":5}},{"start":{"line":698,"column":11},"end":{"line":700,"column":5}}],"line":696},"39":{"loc":{"start":{"line":793,"column":4},"end":{"line":797,"column":5}},"type":"if","locations":[{"start":{"line":793,"column":4},"end":{"line":797,"column":5}},{"start":{},"end":{}}],"line":793},"40":{"loc":{"start":{"line":942,"column":4},"end":{"line":946,"column":5}},"type":"if","locations":[{"start":{"line":942,"column":4},"end":{"line":946,"column":5}},{"start":{},"end":{}}],"line":942},"41":{"loc":{"start":{"line":949,"column":6},"end":{"line":949,"column":67}},"type":"binary-expr","locations":[{"start":{"line":949,"column":6},"end":{"line":949,"column":28}},{"start":{"line":949,"column":32},"end":{"line":949,"column":67}}],"line":949},"42":{"loc":{"start":{"line":951,"column":4},"end":{"line":955,"column":5}},"type":"if","locations":[{"start":{"line":951,"column":4},"end":{"line":955,"column":5}},{"start":{"line":953,"column":11},"end":{"line":955,"column":5}}],"line":951},"43":{"loc":{"start":{"line":975,"column":4},"end":{"line":979,"column":5}},"type":"if","locations":[{"start":{"line":975,"column":4},"end":{"line":979,"column":5}},{"start":{},"end":{}}],"line":975},"44":{"loc":{"start":{"line":1014,"column":4},"end":{"line":1018,"column":5}},"type":"if","locations":[{"start":{"line":1014,"column":4},"end":{"line":1018,"column":5}},{"start":{},"end":{}}],"line":1014},"45":{"loc":{"start":{"line":1020,"column":4},"end":{"line":1039,"column":5}},"type":"if","locations":[{"start":{"line":1020,"column":4},"end":{"line":1039,"column":5}},{"start":{"line":1035,"column":11},"end":{"line":1039,"column":5}}],"line":1020},"46":{"loc":{"start":{"line":1020,"column":8},"end":{"line":1020,"column":69}},"type":"binary-expr","locations":[{"start":{"line":1020,"column":8},"end":{"line":1020,"column":30}},{"start":{"line":1020,"column":34},"end":{"line":1020,"column":69}}],"line":1020},"47":{"loc":{"start":{"line":1054,"column":4},"end":{"line":1058,"column":5}},"type":"if","locations":[{"start":{"line":1054,"column":4},"end":{"line":1058,"column":5}},{"start":{},"end":{}}],"line":1054}},"s":{"0":1,"1":1,"2":1,"3":1,"4":1,"5":1,"6":1,"7":1,"8":1,"9":1,"10":1,"11":1,"12":1,"13":1,"14":1,"15":1,"16":1,"17":1,"18":1,"19":1,"20":1,"21":0,"22":1,"23":2,"24":2,"25":2,"26":0,"27":2,"28":2,"29":2,"30":2,"31":0,"32":0,"33":0,"34":1,"35":1,"36":1,"37":1,"38":0,"39":1,"40":0,"41":1,"42":0,"43":1,"44":0,"45":1,"46":0,"47":0,"48":0,"49":0,"50":0,"51":0,"52":0,"53":0,"54":0,"55":0,"56":0,"57":0,"58":0,"59":0,"60":0,"61":0,"62":0,"63":0,"64":0,"65":0,"66":0,"67":0,"68":0,"69":0,"70":1,"71":0,"72":0,"73":0,"74":0,"75":0,"76":0,"77":0,"78":0,"79":0,"80":1,"81":0,"82":0,"83":0,"84":0,"85":0,"86":0,"87":0,"88":0,"89":0,"90":0,"91":0,"92":0,"93":0,"94":0,"95":0,"96":0,"97":0,"98":0,"99":0,"100":0,"101":0,"102":0,"103":0,"104":0,"105":0,"106":0,"107":0,"108":0,"109":0,"110":0,"111":0,"112":0,"113":0,"114":0,"115":0,"116":0,"117":0,"118":0,"119":0,"120":0,"121":0,"122":0,"123":1,"124":0,"125":0,"126":0,"127":0,"128":1,"129":4,"130":4,"131":4,"132":4,"133":4,"134":3,"135":1,"136":1,"137":0,"138":0,"139":1,"140":0,"141":0,"142":1,"143":1,"144":3,"145":3,"146":3,"147":3,"148":2,"149":1,"150":1,"151":1,"152":1,"153":1,"154":1,"155":0,"156":0,"157":1,"158":3,"159":3,"160":0,"161":3,"162":0,"163":3,"164":0,"165":0,"166":1,"167":0,"168":0,"169":0,"170":0,"171":0,"172":0,"173":0,"174":0,"175":1,"176":1,"177":1,"178":1,"179":1,"180":0,"181":0,"182":1,"183":3,"184":3,"185":3,"186":3,"187":3,"188":2,"189":1,"190":0,"191":0,"192":0,"193":0,"194":0,"195":0,"196":0,"197":0,"198":0,"199":0,"200":0,"201":0,"202":0,"203":0,"204":0,"205":0,"206":0,"207":0,"208":0,"209":0,"210":0,"211":0,"212":0,"213":0,"214":0,"215":0,"216":0,"217":0,"218":0,"219":0,"220":0,"221":0,"222":0,"223":0,"224":0,"225":0,"226":1,"227":1,"228":1,"229":1,"230":1,"231":1,"232":1,"233":1,"234":1,"235":0,"236":3,"237":1,"238":3,"239":3,"240":3,"241":3,"242":3,"243":1,"244":2,"245":2,"246":2,"247":2,"248":0,"249":0,"250":3,"251":3,"252":3,"253":3,"254":3,"255":3,"256":3,"257":3,"258":3,"259":0,"260":1,"261":3,"262":3,"263":3,"264":3,"265":3,"266":3,"267":0,"268":0,"269":0,"270":0,"271":0,"272":0,"273":1,"274":3,"275":3,"276":3,"277":3,"278":3,"279":2,"280":1,"281":1,"282":1,"283":1,"284":1,"285":0,"286":0,"287":1,"288":0,"289":0,"290":0,"291":0,"292":0,"293":0,"294":0,"295":0,"296":0,"297":0,"298":0,"299":0,"300":0,"301":0,"302":1,"303":0,"304":0,"305":0,"306":0,"307":0,"308":0,"309":0,"310":0,"311":1,"312":1,"313":1,"314":0,"315":0,"316":0,"317":0,"318":0,"319":0,"320":1},"f":{"0":1,"1":2,"2":2,"3":0,"4":0,"5":0,"6":0,"7":0,"8":0,"9":0,"10":0,"11":0,"12":0,"13":0,"14":0,"15":0,"16":0,"17":4,"18":3,"19":3,"20":0,"21":1,"22":3,"23":0,"24":0,"25":0,"26":0,"27":1,"28":3,"29":3,"30":3,"31":3,"32":3,"33":0,"34":0,"35":1,"36":0,"37":0},"b":{"0":[0,1],"1":[2,2],"2":[0,2],"3":[2,0],"4":[0,0],"5":[0,0],"6":[0,0],"7":[0,0],"8":[0,0],"9":[0,0],"10":[0,0],"11":[0,0],"12":[0,0],"13":[0,0],"14":[0,0],"15":[0,0],"16":[0,0],"17":[0,0],"18":[0,0],"19":[0,0,0],"20":[0,0],"21":[0,0],"22":[3,1],"23":[4,2],"24":[0,1],"25":[1,0],"26":[2,1],"27":[0,3],"28":[0,3],"29":[0,0],"30":[2,1],"31":[1,0],"32":[0,0],"33":[0,0],"34":[0,0],"35":[0,0],"36":[0,0],"37":[0,0],"38":[0,0],"39":[1,2],"40":[3,0],"41":[0,0],"42":[0,0],"43":[2,1],"44":[0,0],"45":[0,0],"46":[0,0],"47":[0,0]},"_coverageSchema":"1a1c01bbd47fc00a2c39e90264f33305004495a9","hash":"805515f2d336a38a2ee4124c0a18a51cd9085e7a"}
}
