TN:
SF:index.js
FN:33,(anonymous_0)
FN:50,authenticateToken
FN:58,(anonymous_2)
FN:77,(anonymous_3)
FN:81,(anonymous_4)
FN:85,(anonymous_5)
FN:89,(anonymous_6)
FN:94,(anonymous_7)
FN:133,(anonymous_8)
FN:155,(anonymous_9)
FN:173,(anonymous_10)
FN:191,(anonymous_11)
FN:207,(anonymous_12)
FN:245,(anonymous_13)
FN:249,(anonymous_14)
FN:318,saveUsersToFile
FN:319,(anonymous_16)
FN:411,(anonymous_17)
FN:453,(anonymous_18)
FN:537,(anonymous_19)
FN:559,(anonymous_20)
FN:581,(anonymous_21)
FN:598,(anonymous_22)
FN:620,processLatestEntry
FN:623,(anonymous_24)
FN:662,processEntryById
FN:687,updateUserLevel
FN:734,sendVerificationEmail
FN:757,generateRandomKey
FN:783,(anonymous_29)
FN:821,sendResetKeyEmail
FN:932,(anonymous_31)
FN:965,(anonymous_32)
FN:1004,(anonymous_33)
FN:1049,(anonymous_34)
FN:1074,(anonymous_35)
FN:1099,(anonymous_36)
FN:1100,(anonymous_37)
FNF:38
FNH:15
FNDA:1,(anonymous_0)
FNDA:2,authenticateToken
FNDA:2,(anonymous_2)
FNDA:0,(anonymous_3)
FNDA:0,(anonymous_4)
FNDA:0,(anonymous_5)
FNDA:0,(anonymous_6)
FNDA:0,(anonymous_7)
FNDA:0,(anonymous_8)
FNDA:0,(anonymous_9)
FNDA:0,(anonymous_10)
FNDA:0,(anonymous_11)
FNDA:0,(anonymous_12)
FNDA:0,(anonymous_13)
FNDA:0,(anonymous_14)
FNDA:0,saveUsersToFile
FNDA:0,(anonymous_16)
FNDA:4,(anonymous_17)
FNDA:3,(anonymous_18)
FNDA:3,(anonymous_19)
FNDA:0,(anonymous_20)
FNDA:1,(anonymous_21)
FNDA:3,(anonymous_22)
FNDA:0,processLatestEntry
FNDA:0,(anonymous_24)
FNDA:0,processEntryById
FNDA:0,updateUserLevel
FNDA:1,sendVerificationEmail
FNDA:3,generateRandomKey
FNDA:3,(anonymous_29)
FNDA:3,sendResetKeyEmail
FNDA:3,(anonymous_31)
FNDA:3,(anonymous_32)
FNDA:0,(anonymous_33)
FNDA:0,(anonymous_34)
FNDA:1,(anonymous_35)
FNDA:0,(anonymous_36)
FNDA:0,(anonymous_37)
DA:1,1
DA:2,1
DA:3,1
DA:4,1
DA:5,1
DA:6,1
DA:7,1
DA:8,1
DA:9,1
DA:10,1
DA:11,1
DA:12,1
DA:13,1
DA:14,1
DA:16,1
DA:17,1
DA:18,1
DA:20,1
DA:31,1
DA:33,1
DA:34,1
DA:35,0
DA:37,1
DA:51,2
DA:52,2
DA:54,2
DA:55,0
DA:58,2
DA:59,2
DA:60,2
DA:61,2
DA:63,0
DA:66,0
DA:67,0
DA:71,1
DA:73,1
DA:75,1
DA:77,1
DA:79,0
DA:81,1
DA:83,0
DA:85,1
DA:87,0
DA:89,1
DA:91,0
DA:94,1
DA:95,0
DA:97,0
DA:98,0
DA:99,0
DA:102,0
DA:121,0
DA:131,0
DA:134,0
DA:135,0
DA:140,0
DA:142,0
DA:145,0
DA:146,0
DA:155,0
DA:156,0
DA:157,0
DA:158,0
DA:161,0
DA:163,0
DA:165,0
DA:170,0
DA:174,0
DA:176,0
DA:191,1
DA:192,0
DA:193,0
DA:194,0
DA:195,0
DA:196,0
DA:197,0
DA:199,0
DA:200,0
DA:203,0
DA:207,1
DA:208,0
DA:211,0
DA:213,0
DA:214,0
DA:216,0
DA:218,0
DA:219,0
DA:220,0
DA:221,0
DA:223,0
DA:224,0
DA:227,0
DA:231,0
DA:233,0
DA:242,0
DA:245,0
DA:246,0
DA:248,0
DA:249,0
DA:253,0
DA:254,0
DA:255,0
DA:256,0
DA:257,0
DA:263,0
DA:267,0
DA:269,0
DA:272,0
DA:273,0
DA:274,0
DA:276,0
DA:280,0
DA:284,0
DA:286,0
DA:288,0
DA:289,0
DA:291,0
DA:296,0
DA:297,0
DA:299,0
DA:303,0
DA:306,0
DA:315,1
DA:319,0
DA:320,0
DA:321,0
DA:323,0
DA:411,1
DA:412,4
DA:414,4
DA:416,4
DA:419,4
DA:422,4
DA:423,3
DA:429,1
DA:436,1
DA:437,0
DA:440,0
DA:444,1
DA:446,0
DA:447,0
DA:451,1
DA:453,1
DA:454,3
DA:456,3
DA:458,3
DA:462,3
DA:463,2
DA:469,1
DA:472,1
DA:475,1
DA:482,1
DA:483,1
DA:485,1
DA:491,0
DA:492,0
DA:537,1
DA:538,3
DA:540,3
DA:541,0
DA:545,3
DA:546,3
DA:548,0
DA:549,0
DA:559,1
DA:560,0
DA:562,0
DA:564,0
DA:567,0
DA:568,0
DA:570,0
DA:573,0
DA:575,0
DA:581,1
DA:582,1
DA:584,1
DA:586,1
DA:590,1
DA:592,0
DA:593,0
DA:598,1
DA:599,3
DA:601,3
DA:603,3
DA:607,3
DA:609,3
DA:610,2
DA:613,1
DA:615,0
DA:616,0
DA:621,0
DA:623,0
DA:624,0
DA:625,0
DA:626,0
DA:629,0
DA:630,0
DA:631,0
DA:635,0
DA:636,0
DA:637,0
DA:640,0
DA:663,0
DA:665,0
DA:666,0
DA:668,0
DA:669,0
DA:671,0
DA:672,0
DA:673,0
DA:674,0
DA:675,0
DA:676,0
DA:679,0
DA:681,0
DA:682,0
DA:688,0
DA:691,0
DA:692,0
DA:696,0
DA:697,0
DA:699,0
DA:702,0
DA:704,0
DA:735,1
DA:736,1
DA:737,1
DA:738,1
DA:739,1
DA:743,1
DA:747,1
DA:748,1
DA:749,1
DA:751,0
DA:758,3
DA:783,1
DA:784,3
DA:786,3
DA:788,3
DA:791,3
DA:793,3
DA:794,1
DA:800,2
DA:801,2
DA:807,2
DA:809,2
DA:814,0
DA:815,0
DA:822,3
DA:823,3
DA:824,3
DA:825,3
DA:826,3
DA:830,3
DA:834,3
DA:835,3
DA:836,3
DA:838,0
DA:932,1
DA:933,3
DA:935,3
DA:937,3
DA:940,3
DA:942,3
DA:943,3
DA:949,0
DA:951,0
DA:952,0
DA:954,0
DA:957,0
DA:958,0
DA:965,1
DA:966,3
DA:968,3
DA:970,3
DA:973,3
DA:975,3
DA:976,2
DA:981,1
DA:982,1
DA:983,1
DA:989,1
DA:991,1
DA:996,0
DA:997,0
DA:1004,1
DA:1005,0
DA:1007,0
DA:1009,0
DA:1012,0
DA:1014,0
DA:1015,0
DA:1020,0
DA:1021,0
DA:1022,0
DA:1026,0
DA:1031,0
DA:1036,0
DA:1041,0
DA:1042,0
DA:1049,1
DA:1050,0
DA:1052,0
DA:1054,0
DA:1055,0
DA:1061,0
DA:1066,0
DA:1068,0
DA:1069,0
DA:1074,1
DA:1075,1
DA:1099,1
DA:1100,0
DA:1101,0
DA:1103,0
DA:1104,0
DA:1106,0
DA:1109,0
DA:1114,1
LF:319
LH:137
BRDA:34,0,0,0
BRDA:34,0,1,1
BRDA:52,1,0,2
BRDA:52,1,1,2
BRDA:54,2,0,0
BRDA:54,2,1,2
BRDA:59,3,0,2
BRDA:59,3,1,0
BRDA:97,4,0,0
BRDA:97,4,1,0
BRDA:156,5,0,0
BRDA:156,5,1,0
BRDA:161,6,0,0
BRDA:161,6,1,0
BRDA:193,7,0,0
BRDA:193,7,1,0
BRDA:211,8,0,0
BRDA:211,8,1,0
BRDA:218,9,0,0
BRDA:218,9,1,0
BRDA:218,10,0,0
BRDA:218,10,1,0
BRDA:231,11,0,0
BRDA:231,11,1,0
BRDA:253,12,0,0
BRDA:253,12,1,0
BRDA:256,13,0,0
BRDA:256,13,1,0
BRDA:267,14,0,0
BRDA:267,14,1,0
BRDA:272,15,0,0
BRDA:272,15,1,0
BRDA:280,16,0,0
BRDA:280,16,1,0
BRDA:284,17,0,0
BRDA:284,17,1,0
BRDA:291,18,0,0
BRDA:291,18,1,0
BRDA:292,19,0,0
BRDA:292,19,1,0
BRDA:292,19,2,0
BRDA:303,20,0,0
BRDA:303,20,1,0
BRDA:320,21,0,0
BRDA:320,21,1,0
BRDA:422,22,0,3
BRDA:422,22,1,1
BRDA:422,23,0,4
BRDA:422,23,1,2
BRDA:436,24,0,0
BRDA:436,24,1,1
BRDA:451,25,0,1
BRDA:451,25,1,0
BRDA:462,26,0,2
BRDA:462,26,1,1
BRDA:540,27,0,0
BRDA:540,27,1,3
BRDA:545,28,0,0
BRDA:545,28,1,3
BRDA:567,29,0,0
BRDA:567,29,1,0
BRDA:609,30,0,2
BRDA:609,30,1,1
BRDA:613,31,0,1
BRDA:613,31,1,0
BRDA:624,32,0,0
BRDA:624,32,1,0
BRDA:636,33,0,0
BRDA:636,33,1,0
BRDA:671,34,0,0
BRDA:671,34,1,0
BRDA:671,35,0,0
BRDA:671,35,1,0
BRDA:674,36,0,0
BRDA:674,36,1,0
BRDA:675,37,0,0
BRDA:675,37,1,0
BRDA:696,38,0,0
BRDA:696,38,1,0
BRDA:793,39,0,1
BRDA:793,39,1,2
BRDA:942,40,0,3
BRDA:942,40,1,0
BRDA:949,41,0,0
BRDA:949,41,1,0
BRDA:951,42,0,0
BRDA:951,42,1,0
BRDA:975,43,0,2
BRDA:975,43,1,1
BRDA:1014,44,0,0
BRDA:1014,44,1,0
BRDA:1020,45,0,0
BRDA:1020,45,1,0
BRDA:1020,46,0,0
BRDA:1020,46,1,0
BRDA:1054,47,0,0
BRDA:1054,47,1,0
BRF:97
BRH:23
end_of_record
